0 info it worked if it ends with ok
1 verbose cli [
1 verbose cli   'E:\\software\\install\\nodejs14\\node.exe',
1 verbose cli   'E:\\software\\install\\nodejs14\\node_modules\\npm\\bin\\npm-cli.js',
1 verbose cli   'run',
1 verbose cli   'dev',
1 verbose cli   '--no-cache'
1 verbose cli ]
2 info using npm@6.14.7
3 info using node@v14.7.0
4 verbose run-script [ 'predev', 'dev', 'postdev' ]
5 info lifecycle moxiao-blog@1.0.0~predev: moxiao-blog@1.0.0
6 info lifecycle moxiao-blog@1.0.0~dev: moxiao-blog@1.0.0
7 verbose lifecycle moxiao-blog@1.0.0~dev: unsafe-perm in lifecycle true
8 verbose lifecycle moxiao-blog@1.0.0~dev: PATH: E:\software\install\nodejs14\node_modules\npm\node_modules\npm-lifecycle\node-gyp-bin;E:\workdir\moxiao-blog\node_modules\.bin;E:\software\install\XShell\;C:\Python38\Scripts\;C:\Python38\;C:\WINDOWS\system32;C:\WINDOWS;C:\WINDOWS\System32\Wbem;C:\WINDOWS\System32\WindowsPowerShell\v1.0\;C:\WINDOWS\System32\OpenSSH\;E:\software\install\nodejs14\;C:\ProgramData\chocolatey\bin;C:\Program Files\dotnet\;E:\software\install\Git\Git\cmd;C:\Program Files (x86)\Windows Kits\8.1\Windows Performance Toolkit\;E:\software\install\Python\Scripts\;E:\software\install\Python\;C:\Users\HLXD-132\AppData\Local\Microsoft\WindowsApps;c:\program files\esafenet\cobra docguard client;C:\Users\HLXD-132\AppData\Roaming\npm;E:\software\install\PyCharm\PyCharm 2018.3.5\bin;;E:\software\install\java\jdk-14.0.2\bin;E:\software\install\java\jdk-14.0.2\jre\bin;E:\software\install\postgresql10\bin;E:\software\install\VSCode\Microsoft VS Code\bin
9 verbose lifecycle moxiao-blog@1.0.0~dev: CWD: E:\workdir\moxiao-blog
10 silly lifecycle moxiao-blog@1.0.0~dev: Args: [ '/d /s /c', 'vuepress dev docs' ]
11 silly lifecycle moxiao-blog@1.0.0~dev: Returned: code: 1  signal: null
12 info lifecycle moxiao-blog@1.0.0~dev: Failed to exec dev script
13 verbose stack Error: moxiao-blog@1.0.0 dev: `vuepress dev docs`
13 verbose stack Exit status 1
13 verbose stack     at EventEmitter.<anonymous> (E:\software\install\nodejs14\node_modules\npm\node_modules\npm-lifecycle\index.js:332:16)
13 verbose stack     at EventEmitter.emit (events.js:314:20)
13 verbose stack     at ChildProcess.<anonymous> (E:\software\install\nodejs14\node_modules\npm\node_modules\npm-lifecycle\lib\spawn.js:55:14)
13 verbose stack     at ChildProcess.emit (events.js:314:20)
13 verbose stack     at maybeClose (internal/child_process.js:1051:16)
13 verbose stack     at Process.ChildProcess._handle.onexit (internal/child_process.js:287:5)
14 verbose pkgid moxiao-blog@1.0.0
15 verbose cwd E:\workdir\moxiao-blog
16 verbose Windows_NT 10.0.19041
17 verbose argv "E:\\software\\install\\nodejs14\\node.exe" "E:\\software\\install\\nodejs14\\node_modules\\npm\\bin\\npm-cli.js" "run" "dev" "--no-cache"
18 verbose node v14.7.0
19 verbose npm  v6.14.7
20 error code ELIFECYCLE
21 error errno 1
22 error moxiao-blog@1.0.0 dev: `vuepress dev docs`
22 error Exit status 1
23 error Failed at the moxiao-blog@1.0.0 dev script.
23 error This is probably not a problem with npm. There is likely additional logging output above.
24 verbose exit [ 1, true ]
